2017-03-22 20:46:12,029 INFO Main start
2017-03-22 20:46:12,030 INFO Bonjour : Mlle. Hanen
2017-03-22 20:46:12,030 INFO Bonjour : Mlle. Asmaa
2017-03-22 20:46:12,031 INFO Bonjour : Mlle. Rofaida
2017-03-22 20:46:12,032 INFO Bonjour : Mlle. Selma
2017-03-22 20:46:12,032 INFO Bonjour : Mme. Leela
2017-03-22 20:46:12,032 INFO Bonjour : Mme. Amy Wong
2017-03-22 20:46:12,032 INFO Bonjour : Mme. Mom
2017-03-22 20:46:12,032 INFO Bonjour : Mme. LaBarbara Conrad
2017-03-22 20:46:12,032 INFO Bonjour : M. Fry
2017-03-22 20:46:12,033 INFO Bonjour : M. Hermes Conrad
2017-03-22 20:46:12,033 INFO Bonjour : M. Bender
2017-03-22 20:46:12,033 INFO Bonjour : M. Hubert J. Farnsworth
2017-03-22 20:46:12,033 INFO Bonjour : M. John A. Zoidberg
2017-03-22 20:46:12,033 INFO Bonjour : M. Richard Nixon's head
2017-03-22 20:46:12,033 INFO Bonjour : M. Zapp Brannigan
2017-03-22 20:46:12,034 INFO Bonjour : M. Kif Kroker
2017-03-22 20:46:12,034 INFO Bonjour : M. Nibbler
2017-03-22 20:46:12,034 INFO Bonjour : M. Scruffy
2017-03-22 20:46:12,034 INFO Bonjour : M. Leo Wong
2017-03-22 20:46:12,034 INFO Bonjour : M. Lrrr
2017-03-22 20:46:12,035 INFO Bonjour : M. Cubert Farnsworth
2017-03-22 20:46:12,035 INFO Bonjour : M. Dwight Conrad
2017-03-22 20:46:12,035 INFO Main stop
